<?xml version="1.0" encoding="UTF-8"?>
<testng-results ignored="0" total="1" passed="1" failed="0" skipped="0">
  <reporter-output>
  </reporter-output>
  <suite started-at="2023-05-25T17:57:56 PDT" name="Default suite" finished-at="2023-05-25T17:57:56 PDT" duration-ms="31">
    <groups>
    </groups>
    <test started-at="2023-05-25T17:57:56 PDT" name="Default test" finished-at="2023-05-25T17:57:56 PDT" duration-ms="31">
      <class name="Testnglearning.learning">
        <test-method signature="testcase1()[pri:0, instance:Testnglearning.learning@13b13b5d]" started-at="2023-05-25T17:57:56 PDT" name="testcase1" finished-at="2023-05-25T17:57:56 PDT" duration-ms="8" status="PASS">
          <reporter-output>
          </reporter-output>
        </test-method> <!-- testcase1 -->
      </class> <!-- Testnglearning.learning -->
    </test> <!-- Default test -->
  </suite> <!-- Default suite -->
</testng-results>
